<?xml version="1.0" encoding="UTF-8"?>
<testsuite xmlns:xsi="http://www.w3.org/2001/XMLSchema-instance" xsi:noNamespaceSchemaLocation="https://maven.apache.org/surefire/maven-surefire-plugin/xsd/surefire-test-report.xsd" version="3.0.2" name="com.sap.taskcenter.TaskcenterApplicationTests" time="4.477" tests="1" errors="0" skipped="0" failures="0">
  <properties>
[...]
</properties>
  <testcase name="contextLoads" classname="com.sap.taskcenter.TaskcenterApplicationTests" time="0.822">
    <system-out><![CDATA[10:47:16.950 [main] INFO org.springframework.test.context.support.AnnotationConfigContextLoaderUtils -- Could not detect default configuration classes for test class [com.sap.taskcenter.TaskcenterApplicationTests]: TaskcenterApplicationTests does not declare any static, non-private, non-final, nested classes annotated with @Configuration.
10:47:17.045 [main] INFO org.springframework.boot.test.context.SpringBootTestContextBootstrapper -- Found @SpringBootConfiguration com.sap.taskcenter.TaskcenterApplication for test class com.sap.taskcenter.TaskcenterApplicationTests

  .   ____          _            __ _ _
 /\\ / ___'_ __ _ _(_)_ __  __ _ \ \ \ \
( ( )\___ | '_ | '_| | '_ \/ _` | \ \ \ \
 \\/  ___)| |_)| | | | | || (_| |  ) ) ) )
  '  |____| .__|_| |_|_| |_\__, | / / / /
 =========|_|==============|___/=/_/_/_/

 :: Spring Boot ::                (v3.4.1)

2025-01-23T10:47:17.469Z  WARN 73641 --- [taskcenter] [           main] ory$DuplicateJsonObjectContextCustomizer : 

Found multiple occurrences of org.json.JSONObject on the class path:

	jar:file:/home/user/.m2/repository/com/vaadin/external/google/android-json/0.0.20131108.vaadin1/android-json-0.0.20131108.vaadin1.jar!/org/json/JSONObject.class
	jar:file:/home/user/.m2/repository/org/json/json/20240303/json-20240303.jar!/org/json/JSONObject.class

You may wish to exclude one of them to ensure predictable runtime behavior

2025-01-23T10:47:17.485Z  INFO 73641 --- [taskcenter] [           main] c.s.t.TaskcenterApplicationTests         : Starting TaskcenterApplicationTests using Java 21.0.2 with PID 73641 (started by user in /home/user/projects/taskcenter/taskcenter)
2025-01-23T10:47:17.487Z  INFO 73641 --- [taskcenter] [           main] c.s.t.TaskcenterApplicationTests         : No active profile set, falling back to 1 default profile: "default"
2025-01-23T10:47:19.998Z  INFO 73641 --- [taskcenter] [           main] r$InitializeUserDetailsManagerConfigurer : Global AuthenticationManager configured with UserDetailsService bean with name inMemoryUserDetailsManager
2025-01-23T10:47:20.153Z  INFO 73641 --- [taskcenter] [           main] o.s.b.a.e.web.EndpointLinksResolver      : Exposing 1 endpoint beneath base path '/actuator'
2025-01-23T10:47:20.298Z  INFO 73641 --- [taskcenter] [           main] c.s.t.TaskcenterApplicationTests         : Started TaskcenterApplicationTests in 3.145 seconds (process running for 4.04)
]]></system-out>
    <system-err><![CDATA[Mockito is currently self-attaching to enable the inline-mock-maker. This will no longer work in future releases of the JDK. Please add Mockito as an agent to your build what is described in Mockito's documentation: https://javadoc.io/doc/org.mockito/mockito-core/latest/org/mockito/Mockito.html#0.3
WARNING: A Java agent has been loaded dynamically (/home/user/.m2/repository/net/bytebuddy/byte-buddy-agent/1.15.11/byte-buddy-agent-1.15.11.jar)
WARNING: If a serviceability tool is in use, please run with -XX:+EnableDynamicAgentLoading to hide this warning
WARNING: If a serviceability tool is not in use, please run with -Djdk.instrument.traceUsage for more information
WARNING: Dynamic loading of agents will be disallowed by default in a future release
]]></system-err>
  </testcase>
</testsuite>